

***********************************************************************
Fatal NI connect error 12537, connecting to:
 (DESCRIPTION=(ADDRESS=(PROTOCOL=TCP)(HOST=192.168.198.191)(PORT=1521))(CONNECT_DATA=(SERVICE_NAME=DLRORA)(CID=(PROGRAM=C:\Program Files\Microsoft Office\Office14\EXCEL.EXE)(HOST=DDC1114-XP)(USER=ddc1114))))

  VERSION INFORMATION:
	TNS for 32-bit Windows: Version 10.2.0.1.0 - Production
	Windows NT TCP/IP NT Protocol Adapter for 32-bit Windows: Version 10.2.0.1.0 - Production
  Time: 08-HAZ-2016 09:33:19
  Tracing not turned on.
  Tns error struct:
    ns main err code: 12537
    TNS-12537: TNS: Baðlantý kapatýldý
    ns secondary err code: 12560
    nt main err code: 507
    TNS-00507: Baðlantý kapatýldý
    nt secondary err code: 0
    nt OS err code: 0


***********************************************************************
Fatal NI connect error 12560, connecting to:
 (DESCRIPTION=(ADDRESS=(PROTOCOL=BEQ)(PROGRAM=oracle)(ARGV0=oracleORCL)(ARGS='(DESCRIPTION=(LOCAL=YES)(ADDRESS=(PROTOCOL=beq)))'))(CONNECT_DATA=(SID=ORCL)(CID=(PROGRAM=C:\Program Files\Microsoft Office\Office14\EXCEL.EXE)(HOST=DDC1114-XP)(USER=ddc1114))))

  VERSION INFORMATION:
	TNS for 32-bit Windows: Version 10.2.0.1.0 - Production
	Oracle Bequeath NT Protocol Adapter for 32-bit Windows: Version 10.2.0.1.0 - Production
  Time: 08-HAZ-2016 09:33:19
  Tracing not turned on.
  Tns error struct:
    ns main err code: 12560
    TNS-12560: TNS: Protokol baðdaþtýrýcýsý hatasý
    ns secondary err code: 0
    nt main err code: 530
    TNS-00530: Protokol baðdaþtýrýcýsý hatasý
    nt secondary err code: 126
    nt OS err code: 0


***********************************************************************
Fatal NI connect error 12537, connecting to:
 (DESCRIPTION=(ADDRESS=(PROTOCOL=TCP)(HOST=192.168.198.191)(PORT=1521))(CONNECT_DATA=(SERVICE_NAME=DLRORA)(CID=(PROGRAM=C:\Program Files\Microsoft Office\Office14\EXCEL.EXE)(HOST=DDC1114-XP)(USER=ddc1114))))

  VERSION INFORMATION:
	TNS for 32-bit Windows: Version 10.2.0.1.0 - Production
	Windows NT TCP/IP NT Protocol Adapter for 32-bit Windows: Version 10.2.0.1.0 - Production
  Time: 08-HAZ-2016 09:33:20
  Tracing not turned on.
  Tns error struct:
    ns main err code: 12537
    TNS-12537: TNS: Baðlantý kapatýldý
    ns secondary err code: 12560
    nt main err code: 507
    TNS-00507: Baðlantý kapatýldý
    nt secondary err code: 0
    nt OS err code: 0


***********************************************************************
Fatal NI connect error 12560, connecting to:
 (DESCRIPTION=(ADDRESS=(PROTOCOL=BEQ)(PROGRAM=oracle)(ARGV0=oracleORCL)(ARGS='(DESCRIPTION=(LOCAL=YES)(ADDRESS=(PROTOCOL=beq)))'))(CONNECT_DATA=(SID=ORCL)(CID=(PROGRAM=C:\Program Files\Microsoft Office\Office14\EXCEL.EXE)(HOST=DDC1114-XP)(USER=ddc1114))))

  VERSION INFORMATION:
	TNS for 32-bit Windows: Version 10.2.0.1.0 - Production
	Oracle Bequeath NT Protocol Adapter for 32-bit Windows: Version 10.2.0.1.0 - Production
  Time: 08-HAZ-2016 09:33:20
  Tracing not turned on.
  Tns error struct:
    ns main err code: 12560
    TNS-12560: TNS: Protokol baðdaþtýrýcýsý hatasý
    ns secondary err code: 0
    nt main err code: 530
    TNS-00530: Protokol baðdaþtýrýcýsý hatasý
    nt secondary err code: 126
    nt OS err code: 0


***********************************************************************
Fatal NI connect error 12541, connecting to:
 (DESCRIPTION=(ADDRESS=(PROTOCOL=TCP)(HOST=192.168.198.191)(PORT=1521))(CONNECT_DATA=(SERVICE_NAME=DLRORA)(CID=(PROGRAM=C:\Program Files\Microsoft Office\Office14\EXCEL.EXE)(HOST=DDC1114-XP)(USER=ddc1114))))

  VERSION INFORMATION:
	TNS for 32-bit Windows: Version 10.2.0.1.0 - Production
	Windows NT TCP/IP NT Protocol Adapter for 32-bit Windows: Version 10.2.0.1.0 - Production
  Time: 28-HAZ-2016 11:17:19
  Tracing not turned on.
  Tns error struct:
    ns main err code: 12541
    TNS-12541: TNS: Hiç dinleyici yok
    ns secondary err code: 12560
    nt main err code: 511
    TNS-00511: Dinleyici yok
    nt secondary err code: 61
    nt OS err code: 0


***********************************************************************
Fatal NI connect error 12560, connecting to:
 (DESCRIPTION=(ADDRESS=(PROTOCOL=BEQ)(PROGRAM=oracle)(ARGV0=oracleORCL)(ARGS='(DESCRIPTION=(LOCAL=YES)(ADDRESS=(PROTOCOL=beq)))'))(CONNECT_DATA=(SID=ORCL)(CID=(PROGRAM=C:\Program Files\Microsoft Office\Office14\EXCEL.EXE)(HOST=DDC1114-XP)(USER=ddc1114))))

  VERSION INFORMATION:
	TNS for 32-bit Windows: Version 10.2.0.1.0 - Production
	Oracle Bequeath NT Protocol Adapter for 32-bit Windows: Version 10.2.0.1.0 - Production
  Time: 28-HAZ-2016 11:17:20
  Tracing not turned on.
  Tns error struct:
    ns main err code: 12560
    TNS-12560: TNS: Protokol baðdaþtýrýcýsý hatasý
    ns secondary err code: 0
    nt main err code: 530
    TNS-00530: Protokol baðdaþtýrýcýsý hatasý
    nt secondary err code: 126
    nt OS err code: 0


***********************************************************************
Fatal NI connect error 12541, connecting to:
 (DESCRIPTION=(ADDRESS=(PROTOCOL=TCP)(HOST=192.168.198.191)(PORT=1521))(CONNECT_DATA=(SERVICE_NAME=DLRORA)(CID=(PROGRAM=C:\Program Files\Microsoft Office\Office14\EXCEL.EXE)(HOST=DDC1114-XP)(USER=ddc1114))))

  VERSION INFORMATION:
	TNS for 32-bit Windows: Version 10.2.0.1.0 - Production
	Windows NT TCP/IP NT Protocol Adapter for 32-bit Windows: Version 10.2.0.1.0 - Production
  Time: 28-HAZ-2016 11:49:22
  Tracing not turned on.
  Tns error struct:
    ns main err code: 12541
    TNS-12541: TNS: Hiç dinleyici yok
    ns secondary err code: 12560
    nt main err code: 511
    TNS-00511: Dinleyici yok
    nt secondary err code: 61
    nt OS err code: 0


***********************************************************************
Fatal NI connect error 12560, connecting to:
 (DESCRIPTION=(ADDRESS=(PROTOCOL=BEQ)(PROGRAM=oracle)(ARGV0=oracleORCL)(ARGS='(DESCRIPTION=(LOCAL=YES)(ADDRESS=(PROTOCOL=beq)))'))(CONNECT_DATA=(SID=ORCL)(CID=(PROGRAM=C:\Program Files\Microsoft Office\Office14\EXCEL.EXE)(HOST=DDC1114-XP)(USER=ddc1114))))

  VERSION INFORMATION:
	TNS for 32-bit Windows: Version 10.2.0.1.0 - Production
	Oracle Bequeath NT Protocol Adapter for 32-bit Windows: Version 10.2.0.1.0 - Production
  Time: 28-HAZ-2016 11:49:22
  Tracing not turned on.
  Tns error struct:
    ns main err code: 12560
    TNS-12560: TNS: Protokol baðdaþtýrýcýsý hatasý
    ns secondary err code: 0
    nt main err code: 530
    TNS-00530: Protokol baðdaþtýrýcýsý hatasý
    nt secondary err code: 126
    nt OS err code: 0


***********************************************************************
Fatal NI connect error 12560, connecting to:
 (DESCRIPTION=(ADDRESS=(PROTOCOL=BEQ)(PROGRAM=oracle)(ARGV0=oracleORCL)(ARGS='(DESCRIPTION=(LOCAL=YES)(ADDRESS=(PROTOCOL=beq)))'))(CONNECT_DATA=(SID=ORCL)(CID=(PROGRAM=C:\Program Files\Microsoft Office\Office14\EXCEL.EXE)(HOST=DDC1114-XP)(USER=ddc1114))))

  VERSION INFORMATION:
	TNS for 32-bit Windows: Version 10.2.0.1.0 - Production
	Oracle Bequeath NT Protocol Adapter for 32-bit Windows: Version 10.2.0.1.0 - Production
  Time: 28-HAZ-2016 11:58:47
  Tracing not turned on.
  Tns error struct:
    ns main err code: 12560
    TNS-12560: TNS: Protokol baðdaþtýrýcýsý hatasý
    ns secondary err code: 0
    nt main err code: 530
    TNS-00530: Protokol baðdaþtýrýcýsý hatasý
    nt secondary err code: 126
    nt OS err code: 0


***********************************************************************
Fatal NI connect error 12516, connecting to:
 (DESCRIPTION=(ADDRESS=(PROTOCOL=TCP)(HOST=192.168.198.191)(PORT=1521))(CONNECT_DATA=(SERVICE_NAME=DLRORA)(CID=(PROGRAM=C:\Program Files\Microsoft Office\Office14\EXCEL.EXE)(HOST=DDC1114-XP)(USER=ddc1114))))

  VERSION INFORMATION:
	TNS for 32-bit Windows: Version 10.2.0.1.0 - Production
	Windows NT TCP/IP NT Protocol Adapter for 32-bit Windows: Version 10.2.0.1.0 - Production
  Time: 31-EKI-2016 13:34:26
  Tracing not turned on.
  Tns error struct:
    ns main err code: 12564
    TNS-12564: TNS: Baðlantý rededildi
    ns secondary err code: 0
    nt main err code: 0
    nt secondary err code: 0
    nt OS err code: 0


***********************************************************************
Fatal NI connect error 12560, connecting to:
 (DESCRIPTION=(ADDRESS=(PROTOCOL=BEQ)(PROGRAM=oracle)(ARGV0=oracleORCL)(ARGS='(DESCRIPTION=(LOCAL=YES)(ADDRESS=(PROTOCOL=beq)))'))(CONNECT_DATA=(SID=ORCL)(CID=(PROGRAM=C:\Program Files\Microsoft Office\Office14\EXCEL.EXE)(HOST=DDC1114-XP)(USER=ddc1114))))

  VERSION INFORMATION:
	TNS for 32-bit Windows: Version 10.2.0.1.0 - Production
	Oracle Bequeath NT Protocol Adapter for 32-bit Windows: Version 10.2.0.1.0 - Production
  Time: 31-EKI-2016 13:34:26
  Tracing not turned on.
  Tns error struct:
    ns main err code: 12560
    TNS-12560: TNS: Protokol baðdaþtýrýcýsý hatasý
    ns secondary err code: 0
    nt main err code: 530
    TNS-00530: Protokol baðdaþtýrýcýsý hatasý
    nt secondary err code: 126
    nt OS err code: 0


***********************************************************************
Fatal NI connect error 12516, connecting to:
 (DESCRIPTION=(ADDRESS=(PROTOCOL=TCP)(HOST=192.168.198.191)(PORT=1521))(CONNECT_DATA=(SERVICE_NAME=DLRORA)(CID=(PROGRAM=C:\Program Files\Microsoft Office\Office14\EXCEL.EXE)(HOST=DDC1114-XP)(USER=ddc1114))))

  VERSION INFORMATION:
	TNS for 32-bit Windows: Version 10.2.0.1.0 - Production
	Windows NT TCP/IP NT Protocol Adapter for 32-bit Windows: Version 10.2.0.1.0 - Production
  Time: 21-KAS-2016 10:27:56
  Tracing not turned on.
  Tns error struct:
    ns main err code: 12564
    TNS-12564: TNS: Baðlantý rededildi
    ns secondary err code: 0
    nt main err code: 0
    nt secondary err code: 0
    nt OS err code: 0


***********************************************************************
Fatal NI connect error 12560, connecting to:
 (DESCRIPTION=(ADDRESS=(PROTOCOL=BEQ)(PROGRAM=oracle)(ARGV0=oracleORCL)(ARGS='(DESCRIPTION=(LOCAL=YES)(ADDRESS=(PROTOCOL=beq)))'))(CONNECT_DATA=(SID=ORCL)(CID=(PROGRAM=C:\Program Files\Microsoft Office\Office14\EXCEL.EXE)(HOST=DDC1114-XP)(USER=ddc1114))))

  VERSION INFORMATION:
	TNS for 32-bit Windows: Version 10.2.0.1.0 - Production
	Oracle Bequeath NT Protocol Adapter for 32-bit Windows: Version 10.2.0.1.0 - Production
  Time: 21-KAS-2016 10:27:56
  Tracing not turned on.
  Tns error struct:
    ns main err code: 12560
    TNS-12560: TNS: Protokol baðdaþtýrýcýsý hatasý
    ns secondary err code: 0
    nt main err code: 530
    TNS-00530: Protokol baðdaþtýrýcýsý hatasý
    nt secondary err code: 126
    nt OS err code: 0
